d:\cheet 2\bin\fortnite\intermediates\direct_io.obj
d:\cheet 2\bin\fortnite\intermediates\vc143.pdb
d:\cheet 2\bin\fortnite\intermediates\blur.obj
d:\cheet 2\bin\fortnite\intermediates\utils.obj
d:\cheet 2\bin\fortnite\intermediates\service.obj
d:\cheet 2\bin\fortnite\intermediates\portable_executable.obj
d:\cheet 2\bin\fortnite\intermediates\kdmapper.obj
d:\cheet 2\bin\fortnite\intermediates\intel_driver.obj
d:\cheet 2\bin\fortnite\intermediates\etc.obj
d:\cheet 2\bin\fortnite\intermediates\imgui_widgets.obj
d:\cheet 2\bin\fortnite\intermediates\imgui_tables.obj
d:\cheet 2\bin\fortnite\intermediates\imgui_impl_win32.obj
d:\cheet 2\bin\fortnite\intermediates\imgui_impl_dx11.obj
d:\cheet 2\bin\fortnite\intermediates\imgui_draw.obj
d:\cheet 2\bin\fortnite\intermediates\imgui_demo.obj
d:\cheet 2\bin\fortnite\intermediates\imgui.obj
d:\cheet 2\bin\fortnite\intermediates\h.tlog\masm.read.1u.tlog
d:\cheet 2\bin\fortnite\intermediates\h.tlog\masm.write.1u.tlog
d:\cheet 2\bin\fortnite\intermediates\h.tlog\cl.command.1.tlog
d:\cheet 2\bin\fortnite\intermediates\h.tlog\cl.read.1.tlog
d:\cheet 2\bin\fortnite\intermediates\h.tlog\cl.write.1.tlog
